=========================
[debug] Login CAS Success...
[debug] Form Loaded...
[debug] Checkbox Checked...
[debug] Form Submitted...
[debug] 平安行动:填报健康信息(已完成)
[info] Checkin Success!
[info] End at 2021-01-18 12:18:26 +0800.
=========================
=========================
[debug] Login CAS Success...
[debug] Form Loaded...
[debug] Checkbox Checked...
[debug] Form Submitted...
[debug] 平安行动:填报健康信息(已完成)
[info] Checkin Success!
[info] End at 2021-01-18 14:56:06 +0800.
=========================
[info] Log Sent at 2021-01-18 14:56:13 Monday
=========================\n
=========================
[debug] Login CAS Success...
[debug] Form Loaded...
[debug] Checkbox Checked...
[debug] Form Submitted...
[debug] 平安行动:填报健康信息(已完成)
[info] Checkin Success!
[info] End at 2021-01-19 07:41:12 +0800.
=========================
[info] Log Sent at 2021-01-19 07:41:14 Tuesday
=========================\n
=========================
[debug] Login CAS Success...
[debug] Form Loaded...
[debug] Checkbox Checked...
[debug] Form Submitted...
[debug] 平安行动:填报健康信息(已完成)
[info] Checkin Success!
[info] End at 2021-01-20 07:43:14 +0800.
=========================
[info] Log Sent at 2021-01-20 07:43:16 Wednesday
=========================\n
